[handleMsg]:  {
  key: {
    remoteJid: '51929876353@s.whatsapp.net',
    fromMe: false,
    id: '5292ABFF26391C9C37A7EE8204CEFD24',
    participant: undefined
  },
  messageTimestamp: 1704748063,
  pushName: 'Nicolee',
  broadcast: false,
  message: Message {
    conversation: 'JAJSJAJA lo programaste o que',
    messageContextInfo: MessageContextInfo {
      deviceListMetadata: [DeviceListMetadata],
      deviceListMetadataVersion: 2
    }
  },
  body: 'JAJSJAJA lo programaste o que',
  from: '51929876353'
}
[QUEUE_SE_ENVIO]:  {
  ref: 'ans_d8e54470-084b-4249-8439-10da5c3cb68d',
  keyword: 'key_55392bdf-bad8-4c71-9db6-9a30b029dc16',
  answer: 'Chatbot funcionando...!',
  options: {
    media: null,
    buttons: [],
    capture: false,
    child: null,
    delay: 0,
    idle: null,
    ref: null,
    nested: [],
    keyword: {},
    callback: false
  },
  refSerialize: '48da2d79fd47d0419173079cf0a5aa21'
}
[handleMsg]:  {
  key: {
    remoteJid: '51929876353@s.whatsapp.net',
    fromMe: false,
    id: '2414BCDB7A116AC338723CD77F11CD89',
    participant: undefined
  },
  messageTimestamp: 1704748067,
  pushName: 'Nicolee',
  broadcast: false,
  message: Message {
    stickerMessage: StickerMessage {
      url: 'https://mmg.whatsapp.net/v/t62.15575-24/32554251_3284727195153628_2575776214377249988_n.enc?ccb=11-4&oh=01_AdQGjXDGguoL6MhLSUl7e1trPN1hfMFdRlgGuY5vWnAe-w&oe=65C3C598&_nc_sid=5e03e0&mms3=true',
      fileSha256: [Uint8Array],
      fileEncSha256: [Uint8Array],
      mediaKey: [Uint8Array],
      mimetype: 'image/webp',
      height: 64,
      width: 64,
      directPath: '/v/t62.15575-24/32554251_3284727195153628_2575776214377249988_n.enc?ccb=11-4&oh=01_AdQGjXDGguoL6MhLSUl7e1trPN1hfMFdRlgGuY5vWnAe-w&oe=65C3C598&_nc_sid=5e03e0',
      fileLength: [Long],
      mediaKeyTimestamp: [Long],
      firstFrameLength: 8458,
      firstFrameSidecar: [Uint8Array],
      isAnimated: true,
      stickerSentTs: [Long],
      isAvatar: false
    },
    messageContextInfo: MessageContextInfo {
      deviceListMetadata: [DeviceListMetadata],
      deviceListMetadataVersion: 2
    }
  },
  body: '_event_media__6381a07f-d9b5-42ce-b6da-ad9494b48176',
  from: '51929876353'
}
